<?xml version="1.0" encoding="UTF-8"?>
<testsuite xmlns:xsi="http://www.w3.org/2001/XMLSchema-instance" xsi:noNamespaceSchemaLocation="https://maven.apache.org/surefire/maven-surefire-plugin/xsd/surefire-test-report-3.0.xsd" version="3.0" name="EMPTY_NAME" time="133.935" tests="10" errors="0" skipped="0" failures="0">
  <properties>
    <property name="sun.desktop" value="windows"/>
    <property name="awt.toolkit" value="sun.awt.windows.WToolkit"/>
    <property name="java.specification.version" value="11"/>
    <property name="webdriver.chrome.driver" value="C:\Users\wifec\.cache\selenium\chromedriver\win32\103.0.5060.53\chromedriver.exe"/>
    <property name="sun.cpu.isalist" value="amd64"/>
    <property name="sun.jnu.encoding" value="Cp1252"/>
    <property name="java.class.path" value="C:\Users\wifec\cydeo-library-app\target\test-classes;C:\Users\wifec\cydeo-library-app\target\classes;C:\Users\wifec\.m2\repository\org\seleniumhq\selenium\selenium-java\3.141.59\selenium-java-3.141.59.jar;C:\Users\wifec\.m2\repository\org\seleniumhq\selenium\selenium-api\3.141.59\selenium-api-3.141.59.jar;C:\Users\wifec\.m2\repository\org\seleniumhq\selenium\selenium-chrome-driver\3.141.59\selenium-chrome-driver-3.141.59.jar;C:\Users\wifec\.m2\repository\org\seleniumhq\selenium\selenium-edge-driver\3.141.59\selenium-edge-driver-3.141.59.jar;C:\Users\wifec\.m2\repository\org\seleniumhq\selenium\selenium-firefox-driver\3.141.59\selenium-firefox-driver-3.141.59.jar;C:\Users\wifec\.m2\repository\org\seleniumhq\selenium\selenium-ie-driver\3.141.59\selenium-ie-driver-3.141.59.jar;C:\Users\wifec\.m2\repository\org\seleniumhq\selenium\selenium-opera-driver\3.141.59\selenium-opera-driver-3.141.59.jar;C:\Users\wifec\.m2\repository\org\seleniumhq\selenium\selenium-remote-driver\3.141.59\selenium-remote-driver-3.141.59.jar;C:\Users\wifec\.m2\repository\org\seleniumhq\selenium\selenium-safari-driver\3.141.59\selenium-safari-driver-3.141.59.jar;C:\Users\wifec\.m2\repository\org\seleniumhq\selenium\selenium-support\3.141.59\selenium-support-3.141.59.jar;C:\Users\wifec\.m2\repository\net\bytebuddy\byte-buddy\1.8.15\byte-buddy-1.8.15.jar;C:\Users\wifec\.m2\repository\org\apache\commons\commons-exec\1.3\commons-exec-1.3.jar;C:\Users\wifec\.m2\repository\com\google\guava\guava\25.0-jre\guava-25.0-jre.jar;C:\Users\wifec\.m2\repository\com\google\code\findbugs\jsr305\1.3.9\jsr305-1.3.9.jar;C:\Users\wifec\.m2\repository\org\checkerframework\checker-compat-qual\2.0.0\checker-compat-qual-2.0.0.jar;C:\Users\wifec\.m2\repository\com\google\errorprone\error_prone_annotations\2.1.3\error_prone_annotations-2.1.3.jar;C:\Users\wifec\.m2\repository\com\google\j2objc\j2objc-annotations\1.1\j2objc-annotations-1.1.jar;C:\Users\wifec\.m2\repository\org\codehaus\mojo\animal-sniffer-annotations\1.14\animal-sniffer-annotations-1.14.jar;C:\Users\wifec\.m2\repository\com\squareup\okhttp3\okhttp\3.11.0\okhttp-3.11.0.jar;C:\Users\wifec\.m2\repository\com\squareup\okio\okio\1.14.0\okio-1.14.0.jar;C:\Users\wifec\.m2\repository\io\github\bonigarcia\webdrivermanager\5.1.0\webdrivermanager-5.1.0.jar;C:\Users\wifec\.m2\repository\org\slf4j\slf4j-api\1.7.36\slf4j-api-1.7.36.jar;C:\Users\wifec\.m2\repository\com\google\code\gson\gson\2.9.0\gson-2.9.0.jar;C:\Users\wifec\.m2\repository\com\github\docker-java\docker-java\3.2.13\docker-java-3.2.13.jar;C:\Users\wifec\.m2\repository\com\github\docker-java\docker-java-core\3.2.13\docker-java-core-3.2.13.jar;C:\Users\wifec\.m2\repository\com\github\docker-java\docker-java-api\3.2.13\docker-java-api-3.2.13.jar;C:\Users\wifec\.m2\repository\org\bouncycastle\bcpkix-jdk15on\1.64\bcpkix-jdk15on-1.64.jar;C:\Users\wifec\.m2\repository\org\bouncycastle\bcprov-jdk15on\1.64\bcprov-jdk15on-1.64.jar;C:\Users\wifec\.m2\repository\org\slf4j\jcl-over-slf4j\1.7.30\jcl-over-slf4j-1.7.30.jar;C:\Users\wifec\.m2\repository\com\github\docker-java\docker-java-transport-httpclient5\3.2.13\docker-java-transport-httpclient5-3.2.13.jar;C:\Users\wifec\.m2\repository\com\github\docker-java\docker-java-transport\3.2.13\docker-java-transport-3.2.13.jar;C:\Users\wifec\.m2\repository\org\apache\httpcomponents\client5\httpclient5\5.0.3\httpclient5-5.0.3.jar;C:\Users\wifec\.m2\repository\org\apache\httpcomponents\core5\httpcore5\5.0.2\httpcore5-5.0.2.jar;C:\Users\wifec\.m2\repository\net\java\dev\jna\jna\5.8.0\jna-5.8.0.jar;C:\Users\wifec\.m2\repository\org\brotli\dec\0.1.2\dec-0.1.2.jar;C:\Users\wifec\.m2\repository\org\apache\commons\commons-lang3\3.12.0\commons-lang3-3.12.0.jar;C:\Users\wifec\.m2\repository\com\github\javafaker\javafaker\1.0.2\javafaker-1.0.2.jar;C:\Users\wifec\.m2\repository\org\yaml\snakeyaml\1.23\snakeyaml-1.23-android.jar;C:\Users\wifec\.m2\repository\com\github\mifmif\generex\1.0.2\generex-1.0.2.jar;C:\Users\wifec\.m2\repository\dk\brics\automaton\automaton\1.11-8\automaton-1.11-8.jar;C:\Users\wifec\.m2\repository\io\cucumber\cucumber-java\7.2.3\cucumber-java-7.2.3.jar;C:\Users\wifec\.m2\repository\io\cucumber\cucumber-core\7.2.3\cucumber-core-7.2.3.jar;C:\Users\wifec\.m2\repository\io\cucumber\cucumber-gherkin\7.2.3\cucumber-gherkin-7.2.3.jar;C:\Users\wifec\.m2\repository\io\cucumber\cucumber-gherkin-messages\7.2.3\cucumber-gherkin-messages-7.2.3.jar;C:\Users\wifec\.m2\repository\io\cucumber\messages\17.1.1\messages-17.1.1.jar;C:\Users\wifec\.m2\repository\io\cucumber\tag-expressions\4.1.0\tag-expressions-4.1.0.jar;C:\Users\wifec\.m2\repository\io\cucumber\cucumber-expressions\15.0.1\cucumber-expressions-15.0.1.jar;C:\Users\wifec\.m2\repository\io\cucumber\datatable\7.2.3\datatable-7.2.3.jar;C:\Users\wifec\.m2\repository\io\cucumber\cucumber-plugin\7.2.3\cucumber-plugin-7.2.3.jar;C:\Users\wifec\.m2\repository\io\cucumber\docstring\7.2.3\docstring-7.2.3.jar;C:\Users\wifec\.m2\repository\io\cucumber\html-formatter\17.0.0\html-formatter-17.0.0.jar;C:\Users\wifec\.m2\repository\io\cucumber\ci-environment\8.1.0\ci-environment-8.1.0.jar;C:\Users\wifec\.m2\repository\org\apiguardian\apiguardian-api\1.1.2\apiguardian-api-1.1.2.jar;C:\Users\wifec\.m2\repository\io\cucumber\cucumber-junit\7.2.3\cucumber-junit-7.2.3.jar;C:\Users\wifec\.m2\repository\junit\junit\4.13.2\junit-4.13.2.jar;C:\Users\wifec\.m2\repository\org\hamcrest\hamcrest-core\1.3\hamcrest-core-1.3.jar;C:\Users\wifec\.m2\repository\me\jvt\cucumber\reporting-plugin\7.2.0\reporting-plugin-7.2.0.jar;C:\Users\wifec\.m2\repository\io\cucumber\gherkin\22.0.0\gherkin-22.0.0.jar;C:\Users\wifec\.m2\repository\net\masterthought\cucumber-reporting\5.6.1\cucumber-reporting-5.6.1.jar;C:\Users\wifec\.m2\repository\com\fasterxml\jackson\core\jackson-databind\2.12.1\jackson-databind-2.12.1.jar;C:\Users\wifec\.m2\repository\com\fasterxml\jackson\core\jackson-annotations\2.12.1\jackson-annotations-2.12.1.jar;C:\Users\wifec\.m2\repository\com\fasterxml\jackson\core\jackson-core\2.12.1\jackson-core-2.12.1.jar;C:\Users\wifec\.m2\repository\com\fasterxml\jackson\datatype\jackson-datatype-jsr310\2.12.1\jackson-datatype-jsr310-2.12.1.jar;C:\Users\wifec\.m2\repository\org\apache\velocity\velocity-engine-core\2.3\velocity-engine-core-2.3.jar;C:\Users\wifec\.m2\repository\commons-collections\commons-collections\3.2.2\commons-collections-3.2.2.jar;C:\Users\wifec\.m2\repository\joda-time\joda-time\2.10.10\joda-time-2.10.10.jar;C:\Users\wifec\.m2\repository\org\codehaus\plexus\plexus-utils\3.3.0\plexus-utils-3.3.0.jar;C:\Users\wifec\.m2\repository\org\jsoup\jsoup\1.14.2\jsoup-1.14.2.jar;C:\Users\wifec\.m2\repository\com\googlecode\owasp-java-html-sanitizer\owasp-java-html-sanitizer\20211018.2\owasp-java-html-sanitizer-20211018.2.jar;C:\Users\wifec\.m2\repository\commons-configuration\commons-configuration\1.10\commons-configuration-1.10.jar;C:\Users\wifec\.m2\repository\commons-lang\commons-lang\2.6\commons-lang-2.6.jar;C:\Users\wifec\.m2\repository\commons-logging\commons-logging\1.1.1\commons-logging-1.1.1.jar;C:\Users\wifec\.m2\repository\org\apache\logging\log4j\log4j-core\2.17.2\log4j-core-2.17.2.jar;C:\Users\wifec\.m2\repository\org\apache\logging\log4j\log4j-api\2.17.2\log4j-api-2.17.2.jar;C:\Users\wifec\.m2\repository\org\apache\poi\poi\5.2.2\poi-5.2.2.jar;C:\Users\wifec\.m2\repository\commons-codec\commons-codec\1.15\commons-codec-1.15.jar;C:\Users\wifec\.m2\repository\org\apache\commons\commons-collections4\4.4\commons-collections4-4.4.jar;C:\Users\wifec\.m2\repository\org\apache\commons\commons-math3\3.6.1\commons-math3-3.6.1.jar;C:\Users\wifec\.m2\repository\commons-io\commons-io\2.11.0\commons-io-2.11.0.jar;C:\Users\wifec\.m2\repository\com\zaxxer\SparseBitSet\1.2\SparseBitSet-1.2.jar;C:\Users\wifec\.m2\repository\org\apache\poi\poi-ooxml\5.2.2\poi-ooxml-5.2.2.jar;C:\Users\wifec\.m2\repository\org\apache\poi\poi-ooxml-lite\5.2.2\poi-ooxml-lite-5.2.2.jar;C:\Users\wifec\.m2\repository\org\apache\xmlbeans\xmlbeans\5.0.3\xmlbeans-5.0.3.jar;C:\Users\wifec\.m2\repository\org\apache\commons\commons-compress\1.21\commons-compress-1.21.jar;C:\Users\wifec\.m2\repository\com\github\virtuald\curvesapi\1.07\curvesapi-1.07.jar;"/>
    <property name="java.vm.vendor" value="Oracle Corporation"/>
    <property name="sun.arch.data.model" value="64"/>
    <property name="user.variant" value=""/>
    <property name="java.vendor.url" value="https://openjdk.java.net/"/>
    <property name="user.timezone" value="America/New_York"/>
    <property name="java.vm.specification.version" value="11"/>
    <property name="os.name" value="Windows 10"/>
    <property name="sun.java.launcher" value="SUN_STANDARD"/>
    <property name="user.country" value="US"/>
    <property name="sun.boot.library.path" value="C:\Program Files\Java\jdk-11.0.12\bin"/>
    <property name="sun.java.command" value="C:\Users\wifec\AppData\Local\Temp\surefire12671616635420107743\surefirebooter17744856726706691422.jar C:\Users\wifec\AppData\Local\Temp\surefire12671616635420107743 2022-07-14T17-18-13_195-jvmRun1 surefire12193793418816980070tmp surefire_06830428149427593293tmp"/>
    <property name="jdk.debug" value="release"/>
    <property name="surefire.test.class.path" value="C:\Users\wifec\cydeo-library-app\target\test-classes;C:\Users\wifec\cydeo-library-app\target\classes;C:\Users\wifec\.m2\repository\org\seleniumhq\selenium\selenium-java\3.141.59\selenium-java-3.141.59.jar;C:\Users\wifec\.m2\repository\org\seleniumhq\selenium\selenium-api\3.141.59\selenium-api-3.141.59.jar;C:\Users\wifec\.m2\repository\org\seleniumhq\selenium\selenium-chrome-driver\3.141.59\selenium-chrome-driver-3.141.59.jar;C:\Users\wifec\.m2\repository\org\seleniumhq\selenium\selenium-edge-driver\3.141.59\selenium-edge-driver-3.141.59.jar;C:\Users\wifec\.m2\repository\org\seleniumhq\selenium\selenium-firefox-driver\3.141.59\selenium-firefox-driver-3.141.59.jar;C:\Users\wifec\.m2\repository\org\seleniumhq\selenium\selenium-ie-driver\3.141.59\selenium-ie-driver-3.141.59.jar;C:\Users\wifec\.m2\repository\org\seleniumhq\selenium\selenium-opera-driver\3.141.59\selenium-opera-driver-3.141.59.jar;C:\Users\wifec\.m2\repository\org\seleniumhq\selenium\selenium-remote-driver\3.141.59\selenium-remote-driver-3.141.59.jar;C:\Users\wifec\.m2\repository\org\seleniumhq\selenium\selenium-safari-driver\3.141.59\selenium-safari-driver-3.141.59.jar;C:\Users\wifec\.m2\repository\org\seleniumhq\selenium\selenium-support\3.141.59\selenium-support-3.141.59.jar;C:\Users\wifec\.m2\repository\net\bytebuddy\byte-buddy\1.8.15\byte-buddy-1.8.15.jar;C:\Users\wifec\.m2\repository\org\apache\commons\commons-exec\1.3\commons-exec-1.3.jar;C:\Users\wifec\.m2\repository\com\google\guava\guava\25.0-jre\guava-25.0-jre.jar;C:\Users\wifec\.m2\repository\com\google\code\findbugs\jsr305\1.3.9\jsr305-1.3.9.jar;C:\Users\wifec\.m2\repository\org\checkerframework\checker-compat-qual\2.0.0\checker-compat-qual-2.0.0.jar;C:\Users\wifec\.m2\repository\com\google\errorprone\error_prone_annotations\2.1.3\error_prone_annotations-2.1.3.jar;C:\Users\wifec\.m2\repository\com\google\j2objc\j2objc-annotations\1.1\j2objc-annotations-1.1.jar;C:\Users\wifec\.m2\repository\org\codehaus\mojo\animal-sniffer-annotations\1.14\animal-sniffer-annotations-1.14.jar;C:\Users\wifec\.m2\repository\com\squareup\okhttp3\okhttp\3.11.0\okhttp-3.11.0.jar;C:\Users\wifec\.m2\repository\com\squareup\okio\okio\1.14.0\okio-1.14.0.jar;C:\Users\wifec\.m2\repository\io\github\bonigarcia\webdrivermanager\5.1.0\webdrivermanager-5.1.0.jar;C:\Users\wifec\.m2\repository\org\slf4j\slf4j-api\1.7.36\slf4j-api-1.7.36.jar;C:\Users\wifec\.m2\repository\com\google\code\gson\gson\2.9.0\gson-2.9.0.jar;C:\Users\wifec\.m2\repository\com\github\docker-java\docker-java\3.2.13\docker-java-3.2.13.jar;C:\Users\wifec\.m2\repository\com\github\docker-java\docker-java-core\3.2.13\docker-java-core-3.2.13.jar;C:\Users\wifec\.m2\repository\com\github\docker-java\docker-java-api\3.2.13\docker-java-api-3.2.13.jar;C:\Users\wifec\.m2\repository\org\bouncycastle\bcpkix-jdk15on\1.64\bcpkix-jdk15on-1.64.jar;C:\Users\wifec\.m2\repository\org\bouncycastle\bcprov-jdk15on\1.64\bcprov-jdk15on-1.64.jar;C:\Users\wifec\.m2\repository\org\slf4j\jcl-over-slf4j\1.7.30\jcl-over-slf4j-1.7.30.jar;C:\Users\wifec\.m2\repository\com\github\docker-java\docker-java-transport-httpclient5\3.2.13\docker-java-transport-httpclient5-3.2.13.jar;C:\Users\wifec\.m2\repository\com\github\docker-java\docker-java-transport\3.2.13\docker-java-transport-3.2.13.jar;C:\Users\wifec\.m2\repository\org\apache\httpcomponents\client5\httpclient5\5.0.3\httpclient5-5.0.3.jar;C:\Users\wifec\.m2\repository\org\apache\httpcomponents\core5\httpcore5\5.0.2\httpcore5-5.0.2.jar;C:\Users\wifec\.m2\repository\net\java\dev\jna\jna\5.8.0\jna-5.8.0.jar;C:\Users\wifec\.m2\repository\org\brotli\dec\0.1.2\dec-0.1.2.jar;C:\Users\wifec\.m2\repository\org\apache\commons\commons-lang3\3.12.0\commons-lang3-3.12.0.jar;C:\Users\wifec\.m2\repository\com\github\javafaker\javafaker\1.0.2\javafaker-1.0.2.jar;C:\Users\wifec\.m2\repository\org\yaml\snakeyaml\1.23\snakeyaml-1.23-android.jar;C:\Users\wifec\.m2\repository\com\github\mifmif\generex\1.0.2\generex-1.0.2.jar;C:\Users\wifec\.m2\repository\dk\brics\automaton\automaton\1.11-8\automaton-1.11-8.jar;C:\Users\wifec\.m2\repository\io\cucumber\cucumber-java\7.2.3\cucumber-java-7.2.3.jar;C:\Users\wifec\.m2\repository\io\cucumber\cucumber-core\7.2.3\cucumber-core-7.2.3.jar;C:\Users\wifec\.m2\repository\io\cucumber\cucumber-gherkin\7.2.3\cucumber-gherkin-7.2.3.jar;C:\Users\wifec\.m2\repository\io\cucumber\cucumber-gherkin-messages\7.2.3\cucumber-gherkin-messages-7.2.3.jar;C:\Users\wifec\.m2\repository\io\cucumber\messages\17.1.1\messages-17.1.1.jar;C:\Users\wifec\.m2\repository\io\cucumber\tag-expressions\4.1.0\tag-expressions-4.1.0.jar;C:\Users\wifec\.m2\repository\io\cucumber\cucumber-expressions\15.0.1\cucumber-expressions-15.0.1.jar;C:\Users\wifec\.m2\repository\io\cucumber\datatable\7.2.3\datatable-7.2.3.jar;C:\Users\wifec\.m2\repository\io\cucumber\cucumber-plugin\7.2.3\cucumber-plugin-7.2.3.jar;C:\Users\wifec\.m2\repository\io\cucumber\docstring\7.2.3\docstring-7.2.3.jar;C:\Users\wifec\.m2\repository\io\cucumber\html-formatter\17.0.0\html-formatter-17.0.0.jar;C:\Users\wifec\.m2\repository\io\cucumber\ci-environment\8.1.0\ci-environment-8.1.0.jar;C:\Users\wifec\.m2\repository\org\apiguardian\apiguardian-api\1.1.2\apiguardian-api-1.1.2.jar;C:\Users\wifec\.m2\repository\io\cucumber\cucumber-junit\7.2.3\cucumber-junit-7.2.3.jar;C:\Users\wifec\.m2\repository\junit\junit\4.13.2\junit-4.13.2.jar;C:\Users\wifec\.m2\repository\org\hamcrest\hamcrest-core\1.3\hamcrest-core-1.3.jar;C:\Users\wifec\.m2\repository\me\jvt\cucumber\reporting-plugin\7.2.0\reporting-plugin-7.2.0.jar;C:\Users\wifec\.m2\repository\io\cucumber\gherkin\22.0.0\gherkin-22.0.0.jar;C:\Users\wifec\.m2\repository\net\masterthought\cucumber-reporting\5.6.1\cucumber-reporting-5.6.1.jar;C:\Users\wifec\.m2\repository\com\fasterxml\jackson\core\jackson-databind\2.12.1\jackson-databind-2.12.1.jar;C:\Users\wifec\.m2\repository\com\fasterxml\jackson\core\jackson-annotations\2.12.1\jackson-annotations-2.12.1.jar;C:\Users\wifec\.m2\repository\com\fasterxml\jackson\core\jackson-core\2.12.1\jackson-core-2.12.1.jar;C:\Users\wifec\.m2\repository\com\fasterxml\jackson\datatype\jackson-datatype-jsr310\2.12.1\jackson-datatype-jsr310-2.12.1.jar;C:\Users\wifec\.m2\repository\org\apache\velocity\velocity-engine-core\2.3\velocity-engine-core-2.3.jar;C:\Users\wifec\.m2\repository\commons-collections\commons-collections\3.2.2\commons-collections-3.2.2.jar;C:\Users\wifec\.m2\repository\joda-time\joda-time\2.10.10\joda-time-2.10.10.jar;C:\Users\wifec\.m2\repository\org\codehaus\plexus\plexus-utils\3.3.0\plexus-utils-3.3.0.jar;C:\Users\wifec\.m2\repository\org\jsoup\jsoup\1.14.2\jsoup-1.14.2.jar;C:\Users\wifec\.m2\repository\com\googlecode\owasp-java-html-sanitizer\owasp-java-html-sanitizer\20211018.2\owasp-java-html-sanitizer-20211018.2.jar;C:\Users\wifec\.m2\repository\commons-configuration\commons-configuration\1.10\commons-configuration-1.10.jar;C:\Users\wifec\.m2\repository\commons-lang\commons-lang\2.6\commons-lang-2.6.jar;C:\Users\wifec\.m2\repository\commons-logging\commons-logging\1.1.1\commons-logging-1.1.1.jar;C:\Users\wifec\.m2\repository\org\apache\logging\log4j\log4j-core\2.17.2\log4j-core-2.17.2.jar;C:\Users\wifec\.m2\repository\org\apache\logging\log4j\log4j-api\2.17.2\log4j-api-2.17.2.jar;C:\Users\wifec\.m2\repository\org\apache\poi\poi\5.2.2\poi-5.2.2.jar;C:\Users\wifec\.m2\repository\commons-codec\commons-codec\1.15\commons-codec-1.15.jar;C:\Users\wifec\.m2\repository\org\apache\commons\commons-collections4\4.4\commons-collections4-4.4.jar;C:\Users\wifec\.m2\repository\org\apache\commons\commons-math3\3.6.1\commons-math3-3.6.1.jar;C:\Users\wifec\.m2\repository\commons-io\commons-io\2.11.0\commons-io-2.11.0.jar;C:\Users\wifec\.m2\repository\com\zaxxer\SparseBitSet\1.2\SparseBitSet-1.2.jar;C:\Users\wifec\.m2\repository\org\apache\poi\poi-ooxml\5.2.2\poi-ooxml-5.2.2.jar;C:\Users\wifec\.m2\repository\org\apache\poi\poi-ooxml-lite\5.2.2\poi-ooxml-lite-5.2.2.jar;C:\Users\wifec\.m2\repository\org\apache\xmlbeans\xmlbeans\5.0.3\xmlbeans-5.0.3.jar;C:\Users\wifec\.m2\repository\org\apache\commons\commons-compress\1.21\commons-compress-1.21.jar;C:\Users\wifec\.m2\repository\com\github\virtuald\curvesapi\1.07\curvesapi-1.07.jar;"/>
    <property name="sun.cpu.endian" value="little"/>
    <property name="user.home" value="C:\Users\wifec"/>
    <property name="user.language" value="en"/>
    <property name="java.specification.vendor" value="Oracle Corporation"/>
    <property name="java.version.date" value="2021-07-20"/>
    <property name="java.home" value="C:\Program Files\Java\jdk-11.0.12"/>
    <property name="file.separator" value="\"/>
    <property name="basedir" value="C:\Users\wifec\cydeo-library-app"/>
    <property name="java.vm.compressedOopsMode" value="32-bit"/>
    <property name="line.separator" value="&#10;"/>
    <property name="java.specification.name" value="Java Platform API Specification"/>
    <property name="java.vm.specification.vendor" value="Oracle Corporation"/>
    <property name="java.awt.graphicsenv" value="sun.awt.Win32GraphicsEnvironment"/>
    <property name="surefire.real.class.path" value="C:\Users\wifec\AppData\Local\Temp\surefire12671616635420107743\surefirebooter17744856726706691422.jar"/>
    <property name="user.script" value=""/>
    <property name="sun.management.compiler" value="HotSpot 64-Bit Tiered Compilers"/>
    <property name="java.runtime.version" value="11.0.12+8-LTS-237"/>
    <property name="user.name" value="wifec"/>
    <property name="path.separator" value=";"/>
    <property name="os.version" value="10.0"/>
    <property name="java.runtime.name" value="Java(TM) SE Runtime Environment"/>
    <property name="file.encoding" value="Cp1252"/>
    <property name="java.vm.name" value="Java HotSpot(TM) 64-Bit Server VM"/>
    <property name="java.vendor.version" value="18.9"/>
    <property name="localRepository" value="C:\Users\wifec\.m2\repository"/>
    <property name="java.vendor.url.bug" value="https://bugreport.java.com/bugreport/"/>
    <property name="java.io.tmpdir" value="C:\Users\wifec\AppData\Local\Temp\"/>
    <property name="idea.version" value="2022.1.3"/>
    <property name="java.version" value="11.0.12"/>
    <property name="user.dir" value="C:\Users\wifec\cydeo-library-app"/>
    <property name="os.arch" value="amd64"/>
    <property name="java.vm.specification.name" value="Java Virtual Machine Specification"/>
    <property name="java.awt.printerjob" value="sun.awt.windows.WPrinterJob"/>
    <property name="sun.os.patch.level" value=""/>
    <property name="java.library.path" value="C:\Program Files\Java\jdk-11.0.12\bin;C:\Windows\Sun\Java\bin;C:\Windows\system32;C:\Windows;C:\Program Files\Common Files\Oracle\Java\javapath;C:\Windows\system32;C:\Windows;C:\Windows\System32\Wbem;C:\Windows\System32\WindowsPowerShell\v1.0\;C:\Windows\System32\OpenSSH\;C:\Program Files (x86)\Git\cmd;C:\Users\wifec\AppData\Local\Microsoft\WindowsApps;C:\Users\wifec\AppData\Local\gitkraken\bin;C:\Users\wifec\AppData\Local\JetBrains\Toolbox\scripts;."/>
    <property name="java.vendor" value="Oracle Corporation"/>
    <property name="java.vm.info" value="mixed mode"/>
    <property name="java.vm.version" value="11.0.12+8-LTS-237"/>
    <property name="sun.io.unicode.encoding" value="UnicodeLittle"/>
    <property name="java.class.version" value="55.0"/>
  </properties>
  <testcase name="Verify user information &quot;student5@library&quot;" classname="EMPTY_NAME" time="18.664">
    <system-out><![CDATA[Jul 14, 2022 5:20:37 PM net.masterthought.cucumber.ReportParser parseJsonFiles
INFO: File 'C:\Users\wifec\AppData\Local\Temp\cucumber17802692972381793153.json' contains 1 features

&amp#27;[32m&amp#27;[1m┌──────────────────────────────────────────────────────────────────────────┐&amp#27;[0m
&amp#27;[32m&amp#27;[1m│&amp#27;[0m View your Cucumber Report at:                                            &amp#27;[32m&amp#27;[1m│&amp#27;[0m
&amp#27;[32m&amp#27;[1m│&amp#27;[0m &amp#27;[1m&amp#27;[36m&amp#27;[4mhttps://reports.cucumber.io/reports/d8349719-3078-4d04-a5e1-d1a07d54cfb0&amp#27;[0m &amp#27;[32m&amp#27;[1m│&amp#27;[0m
&amp#27;[32m&amp#27;[1m│&amp#27;[0m                                                                          &amp#27;[32m&amp#27;[1m│&amp#27;[0m
&amp#27;[32m&amp#27;[1m│&amp#27;[0m &amp#27;[1mThis report will self-destruct in 24h.&amp#27;[0m                                   &amp#27;[32m&amp#27;[1m│&amp#27;[0m
&amp#27;[32m&amp#27;[1m│&amp#27;[0m Keep reports forever: &amp#27;[4m&amp#27;[1m&amp#27;[36mhttps://reports.cucumber.io/profile&amp#27;[0m                &amp#27;[32m&amp#27;[1m│&amp#27;[0m
&amp#27;[32m&amp#27;[1m└──────────────────────────────────────────────────────────────────────────┘&amp#27;[0m

@Im-working @students
Scenario Outline: Verify user information "student5@library" &amp#27;[90m# src/test/resources/features/LoginWithDifferentUsers.feature:12&amp#27;[0m
before scenario running
  &amp#27;[32mGiven &amp#27;[0m&amp#27;[32muser is on the login page&amp#27;[0m                            &amp#27;[90m# com.cydeo.library.step_definitions.Login_StepDefinitions.user_is_on_the_login_page()&amp#27;[0m
  &amp#27;[32mWhen &amp#27;[0m&amp#27;[32muser login using &amp#27;[0m&amp#27;[32m&amp#27;[1m"student5@library"&amp#27;[0m&amp#27;[32m and &amp#27;[0m&amp#27;[32m&amp#27;[1m"i1oDgf2d"&amp#27;[0m    &amp#27;[90m# com.cydeo.library.step_definitions.LoginWithDifferentUser_stepDefinitions.user_login_using_and(java.lang.String,java.lang.String)&amp#27;[0m
library = Test Student 5
name = Test Student 5
  &amp#27;[32mThen &amp#27;[0m&amp#27;[32maccount holder name should be &amp#27;[0m&amp#27;[32m&amp#27;[1m"Test Student 5"&amp#27;[0m        &amp#27;[90m# com.cydeo.library.step_definitions.LoginWithDifferentUser_stepDefinitions.account_holder_name_should_be(java.lang.String)&amp#27;[0m
After scenario running
]]></system-out>
    <system-err><![CDATA[SLF4J: Failed to load class "org.slf4j.impl.StaticLoggerBinder".
SLF4J: Defaulting to no-operation (NOP) logger implementation
SLF4J: See http://www.slf4j.org/codes.html#StaticLoggerBinder for further details.
Starting ChromeDriver 103.0.5060.53 (a1711811edd74ff1cf2150f36ffa3b0dae40b17f-refs/branch-heads/5060@{#853}) on port 26504
Only local connections are allowed.
Please see https://chromedriver.chromium.org/security-considerations for suggestions on keeping ChromeDriver safe.
ChromeDriver was started successfully.
Jul 14, 2022 5:18:32 PM org.openqa.selenium.remote.ProtocolHandshake createSession
INFO: Detected dialect: W3C
]]></system-err>
  </testcase>
  <testcase name="Verify user information &quot;student6@library&quot;" classname="EMPTY_NAME" time="16.761">
    <system-out><![CDATA[
@Im-working @students
Scenario Outline: Verify user information "student6@library" &amp#27;[90m# src/test/resources/features/LoginWithDifferentUsers.feature:13&amp#27;[0m
before scenario running
  &amp#27;[32mGiven &amp#27;[0m&amp#27;[32muser is on the login page&amp#27;[0m                            &amp#27;[90m# com.cydeo.library.step_definitions.Login_StepDefinitions.user_is_on_the_login_page()&amp#27;[0m
  &amp#27;[32mWhen &amp#27;[0m&amp#27;[32muser login using &amp#27;[0m&amp#27;[32m&amp#27;[1m"student6@library"&amp#27;[0m&amp#27;[32m and &amp#27;[0m&amp#27;[32m&amp#27;[1m"NXhpXJdC"&amp#27;[0m    &amp#27;[90m# com.cydeo.library.step_definitions.LoginWithDifferentUser_stepDefinitions.user_login_using_and(java.lang.String,java.lang.String)&amp#27;[0m
library = Test Student 6
name = Test Student 6
  &amp#27;[32mThen &amp#27;[0m&amp#27;[32maccount holder name should be &amp#27;[0m&amp#27;[32m&amp#27;[1m"Test Student 6"&amp#27;[0m        &amp#27;[90m# com.cydeo.library.step_definitions.LoginWithDifferentUser_stepDefinitions.account_holder_name_should_be(java.lang.String)&amp#27;[0m
After scenario running
]]></system-out>
    <system-err><![CDATA[Starting ChromeDriver 103.0.5060.53 (a1711811edd74ff1cf2150f36ffa3b0dae40b17f-refs/branch-heads/5060@{#853}) on port 2246
Only local connections are allowed.
Please see https://chromedriver.chromium.org/security-considerations for suggestions on keeping ChromeDriver safe.
ChromeDriver was started successfully.
Jul 14, 2022 5:18:44 PM org.openqa.selenium.remote.ProtocolHandshake createSession
INFO: Detected dialect: W3C
]]></system-err>
  </testcase>
  <testcase name="Verify user information &quot;student7@library&quot;" classname="EMPTY_NAME" time="10.473">
    <system-out><![CDATA[
@Im-working @students
Scenario Outline: Verify user information "student7@library" &amp#27;[90m# src/test/resources/features/LoginWithDifferentUsers.feature:14&amp#27;[0m
before scenario running
  &amp#27;[32mGiven &amp#27;[0m&amp#27;[32muser is on the login page&amp#27;[0m                            &amp#27;[90m# com.cydeo.library.step_definitions.Login_StepDefinitions.user_is_on_the_login_page()&amp#27;[0m
  &amp#27;[32mWhen &amp#27;[0m&amp#27;[32muser login using &amp#27;[0m&amp#27;[32m&amp#27;[1m"student7@library"&amp#27;[0m&amp#27;[32m and &amp#27;[0m&amp#27;[32m&amp#27;[1m"QfYjDNXj"&amp#27;[0m    &amp#27;[90m# com.cydeo.library.step_definitions.LoginWithDifferentUser_stepDefinitions.user_login_using_and(java.lang.String,java.lang.String)&amp#27;[0m
library = Test Student 7
name = Test Student 7
  &amp#27;[32mThen &amp#27;[0m&amp#27;[32maccount holder name should be &amp#27;[0m&amp#27;[32m&amp#27;[1m"Test Student 7"&amp#27;[0m        &amp#27;[90m# com.cydeo.library.step_definitions.LoginWithDifferentUser_stepDefinitions.account_holder_name_should_be(java.lang.String)&amp#27;[0m
After scenario running
]]></system-out>
    <system-err><![CDATA[Starting ChromeDriver 103.0.5060.53 (a1711811edd74ff1cf2150f36ffa3b0dae40b17f-refs/branch-heads/5060@{#853}) on port 28672
Only local connections are allowed.
Please see https://chromedriver.chromium.org/security-considerations for suggestions on keeping ChromeDriver safe.
ChromeDriver was started successfully.
Jul 14, 2022 5:19:00 PM org.openqa.selenium.remote.ProtocolHandshake createSession
INFO: Detected dialect: W3C
]]></system-err>
  </testcase>
  <testcase name="Verify user information &quot;student8@library&quot;" classname="EMPTY_NAME" time="11.323">
    <system-out><![CDATA[
@Im-working @students
Scenario Outline: Verify user information "student8@library" &amp#27;[90m# src/test/resources/features/LoginWithDifferentUsers.feature:15&amp#27;[0m
before scenario running
  &amp#27;[32mGiven &amp#27;[0m&amp#27;[32muser is on the login page&amp#27;[0m                            &amp#27;[90m# com.cydeo.library.step_definitions.Login_StepDefinitions.user_is_on_the_login_page()&amp#27;[0m
  &amp#27;[32mWhen &amp#27;[0m&amp#27;[32muser login using &amp#27;[0m&amp#27;[32m&amp#27;[1m"student8@library"&amp#27;[0m&amp#27;[32m and &amp#27;[0m&amp#27;[32m&amp#27;[1m"1DaJSz1z"&amp#27;[0m    &amp#27;[90m# com.cydeo.library.step_definitions.LoginWithDifferentUser_stepDefinitions.user_login_using_and(java.lang.String,java.lang.String)&amp#27;[0m
library = Test Student 8
name = Test Student 8
  &amp#27;[32mThen &amp#27;[0m&amp#27;[32maccount holder name should be &amp#27;[0m&amp#27;[32m&amp#27;[1m"Test Student 8"&amp#27;[0m        &amp#27;[90m# com.cydeo.library.step_definitions.LoginWithDifferentUser_stepDefinitions.account_holder_name_should_be(java.lang.String)&amp#27;[0m
After scenario running
]]></system-out>
    <system-err><![CDATA[Starting ChromeDriver 103.0.5060.53 (a1711811edd74ff1cf2150f36ffa3b0dae40b17f-refs/branch-heads/5060@{#853}) on port 25574
Only local connections are allowed.
Please see https://chromedriver.chromium.org/security-considerations for suggestions on keeping ChromeDriver safe.
ChromeDriver was started successfully.
Jul 14, 2022 5:19:10 PM org.openqa.selenium.remote.ProtocolHandshake createSession
INFO: Detected dialect: W3C
]]></system-err>
  </testcase>
  <testcase name="Verify user information &quot;student9@library&quot;" classname="EMPTY_NAME" time="17.112">
    <system-out><![CDATA[
@Im-working @students
Scenario Outline: Verify user information "student9@library" &amp#27;[90m# src/test/resources/features/LoginWithDifferentUsers.feature:16&amp#27;[0m
before scenario running
  &amp#27;[32mGiven &amp#27;[0m&amp#27;[32muser is on the login page&amp#27;[0m                            &amp#27;[90m# com.cydeo.library.step_definitions.Login_StepDefinitions.user_is_on_the_login_page()&amp#27;[0m
  &amp#27;[32mWhen &amp#27;[0m&amp#27;[32muser login using &amp#27;[0m&amp#27;[32m&amp#27;[1m"student9@library"&amp#27;[0m&amp#27;[32m and &amp#27;[0m&amp#27;[32m&amp#27;[1m"DFDYll1P"&amp#27;[0m    &amp#27;[90m# com.cydeo.library.step_definitions.LoginWithDifferentUser_stepDefinitions.user_login_using_and(java.lang.String,java.lang.String)&amp#27;[0m
library = Test Student 9
name = Test Student 9
  &amp#27;[32mThen &amp#27;[0m&amp#27;[32maccount holder name should be &amp#27;[0m&amp#27;[32m&amp#27;[1m"Test Student 9"&amp#27;[0m        &amp#27;[90m# com.cydeo.library.step_definitions.LoginWithDifferentUser_stepDefinitions.account_holder_name_should_be(java.lang.String)&amp#27;[0m
After scenario running
]]></system-out>
    <system-err><![CDATA[Starting ChromeDriver 103.0.5060.53 (a1711811edd74ff1cf2150f36ffa3b0dae40b17f-refs/branch-heads/5060@{#853}) on port 34416
Only local connections are allowed.
Please see https://chromedriver.chromium.org/security-considerations for suggestions on keeping ChromeDriver safe.
ChromeDriver was started successfully.
Jul 14, 2022 5:19:25 PM org.openqa.selenium.remote.ProtocolHandshake createSession
INFO: Detected dialect: W3C
]]></system-err>
  </testcase>
  <testcase name="Verify user information &quot;student10@library&quot;" classname="EMPTY_NAME" time="12.67">
    <system-out><![CDATA[
@Im-working @students
Scenario Outline: Verify user information "student10@library" &amp#27;[90m# src/test/resources/features/LoginWithDifferentUsers.feature:17&amp#27;[0m
before scenario running
  &amp#27;[32mGiven &amp#27;[0m&amp#27;[32muser is on the login page&amp#27;[0m                             &amp#27;[90m# com.cydeo.library.step_definitions.Login_StepDefinitions.user_is_on_the_login_page()&amp#27;[0m
  &amp#27;[32mWhen &amp#27;[0m&amp#27;[32muser login using &amp#27;[0m&amp#27;[32m&amp#27;[1m"student10@library"&amp#27;[0m&amp#27;[32m and &amp#27;[0m&amp#27;[32m&amp#27;[1m"F8u6OrI2"&amp#27;[0m    &amp#27;[90m# com.cydeo.library.step_definitions.LoginWithDifferentUser_stepDefinitions.user_login_using_and(java.lang.String,java.lang.String)&amp#27;[0m
library = Test Student 10
name = Test Student 10
  &amp#27;[32mThen &amp#27;[0m&amp#27;[32maccount holder name should be &amp#27;[0m&amp#27;[32m&amp#27;[1m"Test Student 10"&amp#27;[0m        &amp#27;[90m# com.cydeo.library.step_definitions.LoginWithDifferentUser_stepDefinitions.account_holder_name_should_be(java.lang.String)&amp#27;[0m
After scenario running
]]></system-out>
    <system-err><![CDATA[Starting ChromeDriver 103.0.5060.53 (a1711811edd74ff1cf2150f36ffa3b0dae40b17f-refs/branch-heads/5060@{#853}) on port 13858
Only local connections are allowed.
Please see https://chromedriver.chromium.org/security-considerations for suggestions on keeping ChromeDriver safe.
ChromeDriver was started successfully.
Jul 14, 2022 5:19:39 PM org.openqa.selenium.remote.ProtocolHandshake createSession
INFO: Detected dialect: W3C
]]></system-err>
  </testcase>
  <testcase name="Verify user information &quot;student11@library&quot;" classname="EMPTY_NAME" time="11.076">
    <system-out><![CDATA[
@Im-working @students
Scenario Outline: Verify user information "student11@library" &amp#27;[90m# src/test/resources/features/LoginWithDifferentUsers.feature:18&amp#27;[0m
before scenario running
  &amp#27;[32mGiven &amp#27;[0m&amp#27;[32muser is on the login page&amp#27;[0m                             &amp#27;[90m# com.cydeo.library.step_definitions.Login_StepDefinitions.user_is_on_the_login_page()&amp#27;[0m
  &amp#27;[32mWhen &amp#27;[0m&amp#27;[32muser login using &amp#27;[0m&amp#27;[32m&amp#27;[1m"student11@library"&amp#27;[0m&amp#27;[32m and &amp#27;[0m&amp#27;[32m&amp#27;[1m"4VRMTsAB"&amp#27;[0m    &amp#27;[90m# com.cydeo.library.step_definitions.LoginWithDifferentUser_stepDefinitions.user_login_using_and(java.lang.String,java.lang.String)&amp#27;[0m
library = Test Student 11
name = Test Student 11
  &amp#27;[32mThen &amp#27;[0m&amp#27;[32maccount holder name should be &amp#27;[0m&amp#27;[32m&amp#27;[1m"Test Student 11"&amp#27;[0m        &amp#27;[90m# com.cydeo.library.step_definitions.LoginWithDifferentUser_stepDefinitions.account_holder_name_should_be(java.lang.String)&amp#27;[0m
After scenario running
]]></system-out>
    <system-err><![CDATA[Starting ChromeDriver 103.0.5060.53 (a1711811edd74ff1cf2150f36ffa3b0dae40b17f-refs/branch-heads/5060@{#853}) on port 28535
Only local connections are allowed.
Please see https://chromedriver.chromium.org/security-considerations for suggestions on keeping ChromeDriver safe.
ChromeDriver was started successfully.
Jul 14, 2022 5:19:52 PM org.openqa.selenium.remote.ProtocolHandshake createSession
INFO: Detected dialect: W3C
]]></system-err>
  </testcase>
  <testcase name="Verify user information &quot;student12@library&quot;" classname="EMPTY_NAME" time="10.771">
    <system-out><![CDATA[
@Im-working @students
Scenario Outline: Verify user information "student12@library" &amp#27;[90m# src/test/resources/features/LoginWithDifferentUsers.feature:19&amp#27;[0m
before scenario running
  &amp#27;[32mGiven &amp#27;[0m&amp#27;[32muser is on the login page&amp#27;[0m                             &amp#27;[90m# com.cydeo.library.step_definitions.Login_StepDefinitions.user_is_on_the_login_page()&amp#27;[0m
  &amp#27;[32mWhen &amp#27;[0m&amp#27;[32muser login using &amp#27;[0m&amp#27;[32m&amp#27;[1m"student12@library"&amp#27;[0m&amp#27;[32m and &amp#27;[0m&amp#27;[32m&amp#27;[1m"8ENtWqOe"&amp#27;[0m    &amp#27;[90m# com.cydeo.library.step_definitions.LoginWithDifferentUser_stepDefinitions.user_login_using_and(java.lang.String,java.lang.String)&amp#27;[0m
library = Test Student 12
name = Test Student 12
  &amp#27;[32mThen &amp#27;[0m&amp#27;[32maccount holder name should be &amp#27;[0m&amp#27;[32m&amp#27;[1m"Test Student 12"&amp#27;[0m        &amp#27;[90m# com.cydeo.library.step_definitions.LoginWithDifferentUser_stepDefinitions.account_holder_name_should_be(java.lang.String)&amp#27;[0m
After scenario running
]]></system-out>
    <system-err><![CDATA[Starting ChromeDriver 103.0.5060.53 (a1711811edd74ff1cf2150f36ffa3b0dae40b17f-refs/branch-heads/5060@{#853}) on port 44104
Only local connections are allowed.
Please see https://chromedriver.chromium.org/security-considerations for suggestions on keeping ChromeDriver safe.
ChromeDriver was started successfully.
Jul 14, 2022 5:20:02 PM org.openqa.selenium.remote.ProtocolHandshake createSession
INFO: Detected dialect: W3C
]]></system-err>
  </testcase>
  <testcase name="Verify user information &quot;student13@library&quot;" classname="EMPTY_NAME" time="11.666">
    <system-out><![CDATA[
@Im-working @students
Scenario Outline: Verify user information "student13@library" &amp#27;[90m# src/test/resources/features/LoginWithDifferentUsers.feature:20&amp#27;[0m
before scenario running
  &amp#27;[32mGiven &amp#27;[0m&amp#27;[32muser is on the login page&amp#27;[0m                             &amp#27;[90m# com.cydeo.library.step_definitions.Login_StepDefinitions.user_is_on_the_login_page()&amp#27;[0m
  &amp#27;[32mWhen &amp#27;[0m&amp#27;[32muser login using &amp#27;[0m&amp#27;[32m&amp#27;[1m"student13@library"&amp#27;[0m&amp#27;[32m and &amp#27;[0m&amp#27;[32m&amp#27;[1m"Y0kaXNMa"&amp#27;[0m    &amp#27;[90m# com.cydeo.library.step_definitions.LoginWithDifferentUser_stepDefinitions.user_login_using_and(java.lang.String,java.lang.String)&amp#27;[0m
library = Test Student 13
name = Test Student 13
  &amp#27;[32mThen &amp#27;[0m&amp#27;[32maccount holder name should be &amp#27;[0m&amp#27;[32m&amp#27;[1m"Test Student 13"&amp#27;[0m        &amp#27;[90m# com.cydeo.library.step_definitions.LoginWithDifferentUser_stepDefinitions.account_holder_name_should_be(java.lang.String)&amp#27;[0m
After scenario running
]]></system-out>
    <system-err><![CDATA[Starting ChromeDriver 103.0.5060.53 (a1711811edd74ff1cf2150f36ffa3b0dae40b17f-refs/branch-heads/5060@{#853}) on port 10828
Only local connections are allowed.
Please see https://chromedriver.chromium.org/security-considerations for suggestions on keeping ChromeDriver safe.
ChromeDriver was started successfully.
Jul 14, 2022 5:20:12 PM org.openqa.selenium.remote.ProtocolHandshake createSession
INFO: Detected dialect: W3C
]]></system-err>
  </testcase>
  <testcase name="Verify user information &quot;student14@library&quot;" classname="EMPTY_NAME" time="13.416">
    <system-out><![CDATA[
@Im-working @students
Scenario Outline: Verify user information "student14@library" &amp#27;[90m# src/test/resources/features/LoginWithDifferentUsers.feature:21&amp#27;[0m
before scenario running
  &amp#27;[32mGiven &amp#27;[0m&amp#27;[32muser is on the login page&amp#27;[0m                             &amp#27;[90m# com.cydeo.library.step_definitions.Login_StepDefinitions.user_is_on_the_login_page()&amp#27;[0m
  &amp#27;[32mWhen &amp#27;[0m&amp#27;[32muser login using &amp#27;[0m&amp#27;[32m&amp#27;[1m"student14@library"&amp#27;[0m&amp#27;[32m and &amp#27;[0m&amp#27;[32m&amp#27;[1m"bL1twuqT"&amp#27;[0m    &amp#27;[90m# com.cydeo.library.step_definitions.LoginWithDifferentUser_stepDefinitions.user_login_using_and(java.lang.String,java.lang.String)&amp#27;[0m
library = Test Student 14
name = Test Student 14
  &amp#27;[32mThen &amp#27;[0m&amp#27;[32maccount holder name should be &amp#27;[0m&amp#27;[32m&amp#27;[1m"Test Student 14"&amp#27;[0m        &amp#27;[90m# com.cydeo.library.step_definitions.LoginWithDifferentUser_stepDefinitions.account_holder_name_should_be(java.lang.String)&amp#27;[0m
After scenario running
]]></system-out>
    <system-err><![CDATA[Starting ChromeDriver 103.0.5060.53 (a1711811edd74ff1cf2150f36ffa3b0dae40b17f-refs/branch-heads/5060@{#853}) on port 14599
Only local connections are allowed.
Please see https://chromedriver.chromium.org/security-considerations for suggestions on keeping ChromeDriver safe.
ChromeDriver was started successfully.
Jul 14, 2022 5:20:28 PM org.openqa.selenium.remote.ProtocolHandshake createSession
INFO: Detected dialect: W3C
]]></system-err>
  </testcase>
</testsuite>